<?xml version="1.0" encoding="UTF-8"?>
<!-- Generated by org.testng.reporters.JUnitXMLReporter -->
<testsuite hostname="Eclipse" name="SomeTest" tests="3" failures="0" timestamp="19 Jun 2017 02:50:25 GMT" time="111.627" errors="0">
  <testcase name="register" time="14.389" classname="com.automation.CaseOneTest"/>
  <testcase name="updateProfile" time="18.486" classname="com.automation.CaseOneTest"/>
  <testcase name="signOut" time="9.244" classname="com.automation.CaseOneTest"/>
</testsuite> <!-- SomeTest -->
