<?xml version="1.0" encoding="UTF-8"?>
<!-- Generated by org.testng.reporters.JUnitXMLReporter -->
<testsuite hostname="Eclipse" name="SomeTest" tests="3" failures="0" timestamp="21 Jul 2017 17:56:19 GMT" time="62.953" errors="0">
  <testcase name="register" time="9.844" classname="com.automation.CaseOneTest"/>
  <testcase name="updateProfile" time="8.052" classname="com.automation.CaseOneTest"/>
  <testcase name="signOut" time="3.788" classname="com.automation.CaseOneTest"/>
</testsuite> <!-- SomeTest -->
