<?xml version="1.0" encoding="UTF-8"?>
<!-- Generated by org.testng.reporters.JUnitXMLReporter -->
<testsuite hostname="Eclipse" name="HomePage Hotels Tab" tests="2" failures="1" timestamp="20 Jun 2017 12:59:10 GMT" time="27.793" errors="0">
  <testcase name="selectHotel" time="0.059" classname="com.automation.CaseTwoTest">
    <failure type="java.lang.NullPointerException">
      <![CDATA[java.lang.NullPointerException
	at com.automation.util.GenericMethods.selectByLinkText(GenericMethods.java:360)
	at com.automation.dto.HotelsTab.gotoHome(HotelsTab.java:74)
	at com.automation.CaseTwoTest.selectHotel(CaseTwoTest.java:23)
... Removed 24 stack frames]]>
    </failure>
  </testcase> <!-- selectHotel -->
  <testcase name="modifyResults" time="0.0" classname="com.automation.CaseTwoTest">
    <skipped/>
  </testcase> <!-- modifyResults -->
</testsuite> <!-- HomePage Hotels Tab -->
