<?xml version="1.0" encoding="UTF-8"?>
<!-- Generated by org.testng.reporters.JUnitXMLReporter -->
<testsuite hostname="Eclipse" name="SomeTest" tests="3" failures="0" timestamp="17 Jun 2017 14:59:20 GMT" time="119.928" errors="0">
  <testcase name="register" time="16.938" classname="com.automation.CaseOneTest"/>
  <testcase name="updateProfile" time="15.938" classname="com.automation.CaseOneTest"/>
  <testcase name="signOut" time="7.767" classname="com.automation.CaseOneTest"/>
</testsuite> <!-- SomeTest -->
