<?xml version="1.0" encoding="UTF-8"?>
<testsuite name="TestSuite" time="89.267" tests="7" errors="0" skipped="0" failures="0">
  <properties>
[...]
</properties>
  <testcase name="register" classname="com.automation.CaseOneTest" time="9.808"/>
  <testcase name="updateProfile" classname="com.automation.CaseOneTest" time="8.05"/>
  <testcase name="signOut" classname="com.automation.CaseOneTest" time="3.786"/>
  <testcase name="selectHotel" classname="com.automation.CaseTwoTest" time="24.927"/>
  <testcase name="modifyResults" classname="com.automation.CaseTwoTest" time="7.282"/>
  <testcase name="featuredHotel" classname="com.automation.CaseThreeTest" time="15.149"/>
  <testcase name="continueAsGuest" classname="com.automation.CaseThreeTest" time="20.265"/>
</testsuite>