<?xml version="1.0" encoding="UTF-8"?>
<testng-results skipped="0" failed="0" total="7" passed="7">
  <reporter-output>
    <line>
      <![CDATA[Completed executing test Regression Suite]]>
    </line>
    <line>
      <![CDATA[Completed executing test SomeTest]]>
    </line>
    <line>
      <![CDATA[Completed executing test SomeTest]]>
    </line>
    <line>
      <![CDATA[Completed executing test SomeTest]]>
    </line>
    <line>
      <![CDATA[About to begin executing following method : BaseSuite.beforeClass]]>
    </line>
    <line>
      <![CDATA[Completed executing following method : BaseSuite.beforeClass]]>
    </line>
    <line>
      <![CDATA[About to begin executing following method : CaseOneTest.logStartTimeForEachTest]]>
    </line>
    <line>
      <![CDATA[Completed executing following method : CaseOneTest.logStartTimeForEachTest]]>
    </line>
    <line>
      <![CDATA[Completed executing test register]]>
    </line>
    <line>
      <![CDATA[Completed executing test register]]>
    </line>
    <line>
      <![CDATA[Completed executing test register]]>
    </line>
    <line>
      <![CDATA[About to begin executing following method : CaseOneTest.register]]>
    </line>
    <line>
      <![CDATA[Completed executing following method : CaseOneTest.register]]>
    </line>
    <line>
      <![CDATA[Completed executing test register]]>
    </line>
    <line>
      <![CDATA[Completed executing test register]]>
    </line>
    <line>
      <![CDATA[Completed executing test register]]>
    </line>
    <line>
      <![CDATA[About to begin executing following method : CaseOneTest.logEndTimeForEachTest]]>
    </line>
    <line>
      <![CDATA[Completed executing following method : CaseOneTest.logEndTimeForEachTest]]>
    </line>
    <line>
      <![CDATA[About to begin executing following method : CaseOneTest.logStartTimeForEachTest]]>
    </line>
    <line>
      <![CDATA[Completed executing following method : CaseOneTest.logStartTimeForEachTest]]>
    </line>
    <line>
      <![CDATA[Completed executing test updateProfile]]>
    </line>
    <line>
      <![CDATA[Completed executing test updateProfile]]>
    </line>
    <line>
      <![CDATA[Completed executing test updateProfile]]>
    </line>
    <line>
      <![CDATA[About to begin executing following method : CaseOneTest.updateProfile]]>
    </line>
    <line>
      <![CDATA[Completed executing following method : CaseOneTest.updateProfile]]>
    </line>
    <line>
      <![CDATA[Completed executing test updateProfile]]>
    </line>
    <line>
      <![CDATA[Completed executing test updateProfile]]>
    </line>
    <line>
      <![CDATA[Completed executing test updateProfile]]>
    </line>
    <line>
      <![CDATA[About to begin executing following method : CaseOneTest.logEndTimeForEachTest]]>
    </line>
    <line>
      <![CDATA[Completed executing following method : CaseOneTest.logEndTimeForEachTest]]>
    </line>
    <line>
      <![CDATA[About to begin executing following method : CaseOneTest.logStartTimeForEachTest]]>
    </line>
    <line>
      <![CDATA[Completed executing following method : CaseOneTest.logStartTimeForEachTest]]>
    </line>
    <line>
      <![CDATA[Completed executing test signOut]]>
    </line>
    <line>
      <![CDATA[Completed executing test signOut]]>
    </line>
    <line>
      <![CDATA[Completed executing test signOut]]>
    </line>
    <line>
      <![CDATA[About to begin executing following method : CaseOneTest.signOut]]>
    </line>
    <line>
      <![CDATA[Completed executing following method : CaseOneTest.signOut]]>
    </line>
    <line>
      <![CDATA[Completed executing test signOut]]>
    </line>
    <line>
      <![CDATA[Completed executing test signOut]]>
    </line>
    <line>
      <![CDATA[Completed executing test signOut]]>
    </line>
    <line>
      <![CDATA[About to begin executing following method : CaseOneTest.logEndTimeForEachTest]]>
    </line>
    <line>
      <![CDATA[Completed executing following method : CaseOneTest.logEndTimeForEachTest]]>
    </line>
    <line>
      <![CDATA[About to begin executing following method : BaseSuite.afterClass]]>
    </line>
    <line>
      <![CDATA[Completed executing following method : BaseSuite.afterClass]]>
    </line>
    <line>
      <![CDATA[Completed executing test SomeTest]]>
    </line>
    <line>
      <![CDATA[Completed executing test SomeTest]]>
    </line>
    <line>
      <![CDATA[Completed executing test SomeTest]]>
    </line>
    <line>
      <![CDATA[Completed executing test Regression Suite]]>
    </line>
    <line>
      <![CDATA[Completed executing test Regression Suite (0)]]>
    </line>
    <line>
      <![CDATA[Completed executing test HomePage Hotels Tab]]>
    </line>
    <line>
      <![CDATA[Completed executing test HomePage Hotels Tab]]>
    </line>
    <line>
      <![CDATA[Completed executing test HomePage Hotels Tab]]>
    </line>
    <line>
      <![CDATA[About to begin executing following method : BaseSuite.beforeClass]]>
    </line>
    <line>
      <![CDATA[Completed executing following method : BaseSuite.beforeClass]]>
    </line>
    <line>
      <![CDATA[Completed executing test selectHotel]]>
    </line>
    <line>
      <![CDATA[Completed executing test selectHotel]]>
    </line>
    <line>
      <![CDATA[Completed executing test selectHotel]]>
    </line>
    <line>
      <![CDATA[About to begin executing following method : CaseTwoTest.selectHotel]]>
    </line>
    <line>
      <![CDATA[Completed executing following method : CaseTwoTest.selectHotel]]>
    </line>
    <line>
      <![CDATA[Completed executing test selectHotel]]>
    </line>
    <line>
      <![CDATA[Completed executing test selectHotel]]>
    </line>
    <line>
      <![CDATA[Completed executing test selectHotel]]>
    </line>
    <line>
      <![CDATA[Completed executing test modifyResults]]>
    </line>
    <line>
      <![CDATA[Completed executing test modifyResults]]>
    </line>
    <line>
      <![CDATA[Completed executing test modifyResults]]>
    </line>
    <line>
      <![CDATA[About to begin executing following method : CaseTwoTest.modifyResults]]>
    </line>
    <line>
      <![CDATA[Completed executing following method : CaseTwoTest.modifyResults]]>
    </line>
    <line>
      <![CDATA[Completed executing test modifyResults]]>
    </line>
    <line>
      <![CDATA[Completed executing test modifyResults]]>
    </line>
    <line>
      <![CDATA[Completed executing test modifyResults]]>
    </line>
    <line>
      <![CDATA[About to begin executing following method : BaseSuite.afterClass]]>
    </line>
    <line>
      <![CDATA[Completed executing following method : BaseSuite.afterClass]]>
    </line>
    <line>
      <![CDATA[Completed executing test HomePage Hotels Tab]]>
    </line>
    <line>
      <![CDATA[Completed executing test HomePage Hotels Tab]]>
    </line>
    <line>
      <![CDATA[Completed executing test HomePage Hotels Tab]]>
    </line>
    <line>
      <![CDATA[Completed executing test Regression Suite (0)]]>
    </line>
    <line>
      <![CDATA[Completed executing test Regression Suite (1)]]>
    </line>
    <line>
      <![CDATA[Completed executing test HomePage all Tabs]]>
    </line>
    <line>
      <![CDATA[Completed executing test HomePage all Tabs]]>
    </line>
    <line>
      <![CDATA[Completed executing test HomePage all Tabs]]>
    </line>
    <line>
      <![CDATA[About to begin executing following method : BaseSuite.beforeClass]]>
    </line>
    <line>
      <![CDATA[Completed executing following method : BaseSuite.beforeClass]]>
    </line>
    <line>
      <![CDATA[Completed executing test featuredHotel]]>
    </line>
    <line>
      <![CDATA[Completed executing test featuredHotel]]>
    </line>
    <line>
      <![CDATA[Completed executing test featuredHotel]]>
    </line>
    <line>
      <![CDATA[About to begin executing following method : CaseThreeTest.featuredHotel]]>
    </line>
    <line>
      <![CDATA[Completed executing following method : CaseThreeTest.featuredHotel]]>
    </line>
    <line>
      <![CDATA[Completed executing test featuredHotel]]>
    </line>
    <line>
      <![CDATA[Completed executing test featuredHotel]]>
    </line>
    <line>
      <![CDATA[Completed executing test featuredHotel]]>
    </line>
    <line>
      <![CDATA[Completed executing test continueAsGuest]]>
    </line>
    <line>
      <![CDATA[Completed executing test continueAsGuest]]>
    </line>
    <line>
      <![CDATA[Completed executing test continueAsGuest]]>
    </line>
    <line>
      <![CDATA[About to begin executing following method : CaseThreeTest.continueAsGuest]]>
    </line>
    <line>
      <![CDATA[Completed executing following method : CaseThreeTest.continueAsGuest]]>
    </line>
    <line>
      <![CDATA[Completed executing test continueAsGuest]]>
    </line>
    <line>
      <![CDATA[Completed executing test continueAsGuest]]>
    </line>
    <line>
      <![CDATA[Completed executing test continueAsGuest]]>
    </line>
    <line>
      <![CDATA[About to begin executing following method : BaseSuite.afterClass]]>
    </line>
    <line>
      <![CDATA[Completed executing following method : BaseSuite.afterClass]]>
    </line>
  </reporter-output>
  <suite name="Regression Suite (0)" duration-ms="59627" started-at="2017-07-21T17:56:19Z" finished-at="2017-07-21T17:57:19Z">
    <groups>
    </groups>
    <test name="HomePage Hotels Tab" duration-ms="59627" started-at="2017-07-21T17:56:19Z" finished-at="2017-07-21T17:57:19Z">
      <class name="com.automation.CaseTwoTest">
        <test-method status="PASS" signature="beforeClass(java.lang.String)[pri:0, instance:com.automation.CaseTwoTest@71c66162]" name="beforeClass" is-config="true" duration-ms="24193" started-at="2017-07-21T13:56:19Z" finished-at="2017-07-21T13:56:43Z">
          <params>
            <param index="0">
              <value>
                <![CDATA[Firefox]]>
              </value>
            </param>
          </params>
          <reporter-output>
            <line>
              <![CDATA[Completed executing following method : BaseSuite.beforeClass]]>
            </line>
          </reporter-output>
        </test-method> <!-- beforeClass -->
        <test-method status="PASS" signature="selectHotel()[pri:1, instance:com.automation.CaseTwoTest@71c66162]" name="selectHotel" duration-ms="24937" started-at="2017-07-21T13:56:43Z" finished-at="2017-07-21T13:57:08Z">
          <reporter-output>
            <line>
              <![CDATA[Completed executing following method : CaseTwoTest.selectHotel]]>
            </line>
            <line>
              <![CDATA[Completed executing test selectHotel]]>
            </line>
            <line>
              <![CDATA[Completed executing test selectHotel]]>
            </line>
            <line>
              <![CDATA[Completed executing test selectHotel]]>
            </line>
          </reporter-output>
        </test-method> <!-- selectHotel -->
        <test-method status="PASS" signature="modifyResults()[pri:0, instance:com.automation.CaseTwoTest@71c66162]" name="modifyResults" duration-ms="7285" started-at="2017-07-21T13:57:08Z" depends-on-methods="com.automation.CaseTwoTest.selectHotel" finished-at="2017-07-21T13:57:16Z">
          <reporter-output>
            <line>
              <![CDATA[Completed executing following method : CaseTwoTest.modifyResults]]>
            </line>
            <line>
              <![CDATA[Completed executing test modifyResults]]>
            </line>
            <line>
              <![CDATA[Completed executing test modifyResults]]>
            </line>
            <line>
              <![CDATA[Completed executing test modifyResults]]>
            </line>
          </reporter-output>
        </test-method> <!-- modifyResults -->
        <test-method status="PASS" signature="afterClass()[pri:0, instance:com.automation.CaseTwoTest@71c66162]" name="afterClass" is-config="true" duration-ms="3207" started-at="2017-07-21T13:57:16Z" finished-at="2017-07-21T13:57:19Z">
          <reporter-output>
            <line>
              <![CDATA[Completed executing following method : BaseSuite.afterClass]]>
            </line>
          </reporter-output>
        </test-method> <!-- afterClass -->
      </class> <!-- com.automation.CaseTwoTest -->
    </test> <!-- HomePage Hotels Tab -->
  </suite> <!-- Regression Suite (0) -->
  <suite name="Regression Suite (1)" duration-ms="62412" started-at="2017-07-21T17:57:19Z" finished-at="2017-07-21T17:58:21Z">
    <groups>
    </groups>
    <test name="HomePage all Tabs" duration-ms="62412" started-at="2017-07-21T17:57:19Z" finished-at="2017-07-21T17:58:21Z">
      <class name="com.automation.CaseThreeTest">
        <test-method status="PASS" signature="beforeClass(java.lang.String)[pri:0, instance:com.automation.CaseThreeTest@15e566f3]" name="beforeClass" is-config="true" duration-ms="23640" started-at="2017-07-21T13:57:19Z" finished-at="2017-07-21T13:57:43Z">
          <params>
            <param index="0">
              <value>
                <![CDATA[Firefox]]>
              </value>
            </param>
          </params>
          <reporter-output>
            <line>
              <![CDATA[Completed executing following method : BaseSuite.beforeClass]]>
            </line>
          </reporter-output>
        </test-method> <!-- beforeClass -->
        <test-method status="PASS" signature="featuredHotel()[pri:0, instance:com.automation.CaseThreeTest@15e566f3]" name="featuredHotel" duration-ms="15148" started-at="2017-07-21T13:57:43Z" finished-at="2017-07-21T13:57:58Z">
          <reporter-output>
            <line>
              <![CDATA[Completed executing following method : CaseThreeTest.featuredHotel]]>
            </line>
            <line>
              <![CDATA[Completed executing test featuredHotel]]>
            </line>
            <line>
              <![CDATA[Completed executing test featuredHotel]]>
            </line>
            <line>
              <![CDATA[Completed executing test featuredHotel]]>
            </line>
          </reporter-output>
        </test-method> <!-- featuredHotel -->
        <test-method status="PASS" signature="continueAsGuest()[pri:0, instance:com.automation.CaseThreeTest@15e566f3]" name="continueAsGuest" duration-ms="20267" started-at="2017-07-21T13:57:58Z" depends-on-methods="com.automation.CaseThreeTest.featuredHotel" finished-at="2017-07-21T13:58:18Z">
          <reporter-output>
            <line>
              <![CDATA[Completed executing following method : CaseThreeTest.continueAsGuest]]>
            </line>
            <line>
              <![CDATA[Completed executing test continueAsGuest]]>
            </line>
            <line>
              <![CDATA[Completed executing test continueAsGuest]]>
            </line>
            <line>
              <![CDATA[Completed executing test continueAsGuest]]>
            </line>
          </reporter-output>
        </test-method> <!-- continueAsGuest -->
        <test-method status="PASS" signature="afterClass()[pri:0, instance:com.automation.CaseThreeTest@15e566f3]" name="afterClass" is-config="true" duration-ms="3354" started-at="2017-07-21T13:58:18Z" finished-at="2017-07-21T13:58:21Z">
          <reporter-output>
            <line>
              <![CDATA[Completed executing following method : BaseSuite.afterClass]]>
            </line>
          </reporter-output>
        </test-method> <!-- afterClass -->
      </class> <!-- com.automation.CaseThreeTest -->
    </test> <!-- HomePage all Tabs -->
  </suite> <!-- Regression Suite (1) -->
  <suite name="Regression Suite" duration-ms="62953" started-at="2017-07-21T17:55:16Z" finished-at="2017-07-21T17:56:19Z">
    <groups>
    </groups>
    <test name="SomeTest" duration-ms="62953" started-at="2017-07-21T17:55:16Z" finished-at="2017-07-21T17:56:19Z">
      <class name="com.automation.CaseOneTest">
        <test-method status="PASS" signature="beforeClass(java.lang.String)[pri:0, instance:com.automation.CaseOneTest@336f356c]" name="beforeClass" is-config="true" duration-ms="36237" started-at="2017-07-21T13:55:16Z" finished-at="2017-07-21T13:55:52Z">
          <params>
            <param index="0">
              <value>
                <![CDATA[Firefox]]>
              </value>
            </param>
          </params>
          <reporter-output>
            <line>
              <![CDATA[Completed executing following method : BaseSuite.beforeClass]]>
            </line>
          </reporter-output>
        </test-method> <!-- beforeClass -->
        <test-method status="PASS" signature="register()[pri:1, instance:com.automation.CaseOneTest@336f356c]" name="register" duration-ms="9844" started-at="2017-07-21T13:55:52Z" finished-at="2017-07-21T13:56:02Z">
          <reporter-output>
            <line>
              <![CDATA[Completed executing following method : CaseOneTest.register]]>
            </line>
            <line>
              <![CDATA[Completed executing test register]]>
            </line>
            <line>
              <![CDATA[Completed executing test register]]>
            </line>
            <line>
              <![CDATA[Completed executing test register]]>
            </line>
            <line>
              <![CDATA[About to begin executing following method : CaseOneTest.logEndTimeForEachTest]]>
            </line>
          </reporter-output>
        </test-method> <!-- register -->
        <test-method status="PASS" signature="logStartTimeForEachTest()[pri:0, instance:com.automation.CaseOneTest@336f356c]" name="logStartTimeForEachTest" is-config="true" duration-ms="0" started-at="2017-07-21T13:55:52Z" finished-at="2017-07-21T13:55:52Z">
          <reporter-output>
            <line>
              <![CDATA[Completed executing following method : CaseOneTest.logStartTimeForEachTest]]>
            </line>
          </reporter-output>
        </test-method> <!-- logStartTimeForEachTest -->
        <test-method status="PASS" signature="logEndTimeForEachTest()[pri:0, instance:com.automation.CaseOneTest@336f356c]" name="logEndTimeForEachTest" is-config="true" duration-ms="0" started-at="2017-07-21T13:56:02Z" finished-at="2017-07-21T13:56:02Z">
          <reporter-output>
            <line>
              <![CDATA[Completed executing following method : CaseOneTest.logEndTimeForEachTest]]>
            </line>
          </reporter-output>
        </test-method> <!-- logEndTimeForEachTest -->
        <test-method status="PASS" signature="logStartTimeForEachTest()[pri:0, instance:com.automation.CaseOneTest@336f356c]" name="logStartTimeForEachTest" is-config="true" duration-ms="1" started-at="2017-07-21T13:56:02Z" finished-at="2017-07-21T13:56:02Z">
          <reporter-output>
            <line>
              <![CDATA[Completed executing following method : CaseOneTest.logStartTimeForEachTest]]>
            </line>
          </reporter-output>
        </test-method> <!-- logStartTimeForEachTest -->
        <test-method status="PASS" signature="updateProfile()[pri:2, instance:com.automation.CaseOneTest@336f356c]" name="updateProfile" duration-ms="8052" started-at="2017-07-21T13:56:02Z" finished-at="2017-07-21T13:56:10Z">
          <reporter-output>
            <line>
              <![CDATA[Completed executing following method : CaseOneTest.updateProfile]]>
            </line>
            <line>
              <![CDATA[Completed executing test updateProfile]]>
            </line>
            <line>
              <![CDATA[Completed executing test updateProfile]]>
            </line>
            <line>
              <![CDATA[Completed executing test updateProfile]]>
            </line>
            <line>
              <![CDATA[About to begin executing following method : CaseOneTest.logEndTimeForEachTest]]>
            </line>
          </reporter-output>
        </test-method> <!-- updateProfile -->
        <test-method status="PASS" signature="logEndTimeForEachTest()[pri:0, instance:com.automation.CaseOneTest@336f356c]" name="logEndTimeForEachTest" is-config="true" duration-ms="1" started-at="2017-07-21T13:56:10Z" finished-at="2017-07-21T13:56:10Z">
          <reporter-output>
            <line>
              <![CDATA[Completed executing following method : CaseOneTest.logEndTimeForEachTest]]>
            </line>
          </reporter-output>
        </test-method> <!-- logEndTimeForEachTest -->
        <test-method status="PASS" signature="logStartTimeForEachTest()[pri:0, instance:com.automation.CaseOneTest@336f356c]" name="logStartTimeForEachTest" is-config="true" duration-ms="0" started-at="2017-07-21T13:56:10Z" finished-at="2017-07-21T13:56:10Z">
          <reporter-output>
            <line>
              <![CDATA[Completed executing following method : CaseOneTest.logStartTimeForEachTest]]>
            </line>
          </reporter-output>
        </test-method> <!-- logStartTimeForEachTest -->
        <test-method status="PASS" signature="signOut()[pri:3, instance:com.automation.CaseOneTest@336f356c]" name="signOut" duration-ms="3788" started-at="2017-07-21T13:56:10Z" finished-at="2017-07-21T13:56:14Z">
          <reporter-output>
            <line>
              <![CDATA[Completed executing following method : CaseOneTest.signOut]]>
            </line>
            <line>
              <![CDATA[Completed executing test signOut]]>
            </line>
            <line>
              <![CDATA[Completed executing test signOut]]>
            </line>
            <line>
              <![CDATA[Completed executing test signOut]]>
            </line>
            <line>
              <![CDATA[About to begin executing following method : CaseOneTest.logEndTimeForEachTest]]>
            </line>
          </reporter-output>
        </test-method> <!-- signOut -->
        <test-method status="PASS" signature="logEndTimeForEachTest()[pri:0, instance:com.automation.CaseOneTest@336f356c]" name="logEndTimeForEachTest" is-config="true" duration-ms="0" started-at="2017-07-21T13:56:14Z" finished-at="2017-07-21T13:56:14Z">
          <reporter-output>
            <line>
              <![CDATA[Completed executing following method : CaseOneTest.logEndTimeForEachTest]]>
            </line>
          </reporter-output>
        </test-method> <!-- logEndTimeForEachTest -->
        <test-method status="PASS" signature="afterClass()[pri:0, instance:com.automation.CaseOneTest@336f356c]" name="afterClass" is-config="true" duration-ms="5003" started-at="2017-07-21T13:56:14Z" finished-at="2017-07-21T13:56:19Z">
          <reporter-output>
            <line>
              <![CDATA[Completed executing following method : BaseSuite.afterClass]]>
            </line>
          </reporter-output>
        </test-method> <!-- afterClass -->
      </class> <!-- com.automation.CaseOneTest -->
    </test> <!-- SomeTest -->
  </suite> <!-- Regression Suite -->
</testng-results>
