<?xml version="1.0" encoding="UTF-8"?>
<testng-results skipped="0" failed="0" total="3" passed="3">
  <reporter-output>
    <line>
      <![CDATA[ISuite onStart==>  Suite Name: Regression Suite ==> Suite START TIME: 1497711440]]>
    </line>
    <line>
      <![CDATA[ITestContext onStart==> About to begin executing Test SomeTest]]>
    </line>
    <line>
      <![CDATA[About to begin executing following method : BaseSuite.beforeClass]]>
    </line>
    <line>
      <![CDATA[Completed executing following method : BaseSuite.beforeClass]]>
    </line>
    <line>
      <![CDATA[About to begin executing following method : CaseOneTest.logStartTimeForEachTest]]>
    </line>
    <line>
      <![CDATA[Completed executing following method : CaseOneTest.logStartTimeForEachTest]]>
    </line>
    <line>
      <![CDATA[ITestResult onTestStart==>  Test Name: register START TIME: 1497711509]]>
    </line>
    <line>
      <![CDATA[About to begin executing following method : CaseOneTest.register]]>
    </line>
    <line>
      <![CDATA[Completed executing following method : CaseOneTest.register]]>
    </line>
    <line>
      <![CDATA[ITestResult onTestSuccess==>  Test Name: register END TIME: 1497711526]]>
    </line>
    <line>
      <![CDATA[About to begin executing following method : CaseOneTest.logEndTimeForEachTest]]>
    </line>
    <line>
      <![CDATA[Completed executing following method : CaseOneTest.logEndTimeForEachTest]]>
    </line>
    <line>
      <![CDATA[About to begin executing following method : CaseOneTest.logStartTimeForEachTest]]>
    </line>
    <line>
      <![CDATA[Completed executing following method : CaseOneTest.logStartTimeForEachTest]]>
    </line>
    <line>
      <![CDATA[ITestResult onTestStart==>  Test Name: updateProfile START TIME: 1497711526]]>
    </line>
    <line>
      <![CDATA[About to begin executing following method : CaseOneTest.updateProfile]]>
    </line>
    <line>
      <![CDATA[Completed executing following method : CaseOneTest.updateProfile]]>
    </line>
    <line>
      <![CDATA[ITestResult onTestSuccess==>  Test Name: updateProfile END TIME: 1497711542]]>
    </line>
    <line>
      <![CDATA[About to begin executing following method : CaseOneTest.logEndTimeForEachTest]]>
    </line>
    <line>
      <![CDATA[Completed executing following method : CaseOneTest.logEndTimeForEachTest]]>
    </line>
    <line>
      <![CDATA[About to begin executing following method : CaseOneTest.logStartTimeForEachTest]]>
    </line>
    <line>
      <![CDATA[Completed executing following method : CaseOneTest.logStartTimeForEachTest]]>
    </line>
    <line>
      <![CDATA[ITestResult onTestStart==>  Test Name: signOut START TIME: 1497711542]]>
    </line>
    <line>
      <![CDATA[About to begin executing following method : CaseOneTest.signOut]]>
    </line>
    <line>
      <![CDATA[Completed executing following method : CaseOneTest.signOut]]>
    </line>
    <line>
      <![CDATA[ITestResult onTestSuccess==>  Test Name: signOut END TIME: 1497711550]]>
    </line>
    <line>
      <![CDATA[About to begin executing following method : CaseOneTest.logEndTimeForEachTest]]>
    </line>
    <line>
      <![CDATA[Completed executing following method : CaseOneTest.logEndTimeForEachTest]]>
    </line>
    <line>
      <![CDATA[About to begin executing following method : BaseSuite.afterClass]]>
    </line>
    <line>
      <![CDATA[Completed executing following method : BaseSuite.afterClass]]>
    </line>
  </reporter-output>
  <suite name="Regression Suite" duration-ms="119928" started-at="2017-06-17T14:57:20Z" finished-at="2017-06-17T14:59:20Z">
    <groups>
    </groups>
    <test name="SomeTest" duration-ms="119928" started-at="2017-06-17T14:57:20Z" finished-at="2017-06-17T14:59:20Z">
      <class name="com.automation.CaseOneTest">
        <test-method status="PASS" signature="beforeClass(java.lang.String)[pri:0, instance:com.automation.CaseOneTest@3f4ddd67]" name="beforeClass" is-config="true" duration-ms="68488" started-at="2017-06-17T10:57:20Z" finished-at="2017-06-17T10:58:29Z">
          <params>
            <param index="0">
              <value>
                <![CDATA[Firefox]]>
              </value>
            </param>
          </params>
          <reporter-output>
            <line>
              <![CDATA[Completed executing following method : BaseSuite.beforeClass]]>
            </line>
          </reporter-output>
        </test-method> <!-- beforeClass -->
        <test-method status="PASS" signature="logStartTimeForEachTest()[pri:0, instance:com.automation.CaseOneTest@3f4ddd67]" name="logStartTimeForEachTest" is-config="true" duration-ms="1" started-at="2017-06-17T10:58:29Z" finished-at="2017-06-17T10:58:29Z">
          <reporter-output>
            <line>
              <![CDATA[Completed executing following method : CaseOneTest.logStartTimeForEachTest]]>
            </line>
          </reporter-output>
        </test-method> <!-- logStartTimeForEachTest -->
        <test-method status="PASS" signature="register()[pri:1, instance:com.automation.CaseOneTest@3f4ddd67]" name="register" duration-ms="16938" started-at="2017-06-17T10:58:29Z" finished-at="2017-06-17T10:58:46Z">
          <reporter-output>
            <line>
              <![CDATA[Completed executing following method : CaseOneTest.register]]>
            </line>
            <line>
              <![CDATA[ITestResult onTestSuccess==>  Test Name: register END TIME: 1497711526]]>
            </line>
            <line>
              <![CDATA[About to begin executing following method : CaseOneTest.logEndTimeForEachTest]]>
            </line>
          </reporter-output>
        </test-method> <!-- register -->
        <test-method status="PASS" signature="logEndTimeForEachTest()[pri:0, instance:com.automation.CaseOneTest@3f4ddd67]" name="logEndTimeForEachTest" is-config="true" duration-ms="0" started-at="2017-06-17T10:58:46Z" finished-at="2017-06-17T10:58:46Z">
          <reporter-output>
            <line>
              <![CDATA[Completed executing following method : CaseOneTest.logEndTimeForEachTest]]>
            </line>
          </reporter-output>
        </test-method> <!-- logEndTimeForEachTest -->
        <test-method status="PASS" signature="logStartTimeForEachTest()[pri:0, instance:com.automation.CaseOneTest@3f4ddd67]" name="logStartTimeForEachTest" is-config="true" duration-ms="1" started-at="2017-06-17T10:58:46Z" finished-at="2017-06-17T10:58:46Z">
          <reporter-output>
            <line>
              <![CDATA[Completed executing following method : CaseOneTest.logStartTimeForEachTest]]>
            </line>
          </reporter-output>
        </test-method> <!-- logStartTimeForEachTest -->
        <test-method status="PASS" signature="updateProfile()[pri:2, instance:com.automation.CaseOneTest@3f4ddd67]" name="updateProfile" duration-ms="15938" started-at="2017-06-17T10:58:46Z" finished-at="2017-06-17T10:59:02Z">
          <reporter-output>
            <line>
              <![CDATA[Completed executing following method : CaseOneTest.updateProfile]]>
            </line>
            <line>
              <![CDATA[ITestResult onTestSuccess==>  Test Name: updateProfile END TIME: 1497711542]]>
            </line>
            <line>
              <![CDATA[About to begin executing following method : CaseOneTest.logEndTimeForEachTest]]>
            </line>
          </reporter-output>
        </test-method> <!-- updateProfile -->
        <test-method status="PASS" signature="logEndTimeForEachTest()[pri:0, instance:com.automation.CaseOneTest@3f4ddd67]" name="logEndTimeForEachTest" is-config="true" duration-ms="0" started-at="2017-06-17T10:59:02Z" finished-at="2017-06-17T10:59:02Z">
          <reporter-output>
            <line>
              <![CDATA[Completed executing following method : CaseOneTest.logEndTimeForEachTest]]>
            </line>
          </reporter-output>
        </test-method> <!-- logEndTimeForEachTest -->
        <test-method status="PASS" signature="logStartTimeForEachTest()[pri:0, instance:com.automation.CaseOneTest@3f4ddd67]" name="logStartTimeForEachTest" is-config="true" duration-ms="2" started-at="2017-06-17T10:59:02Z" finished-at="2017-06-17T10:59:02Z">
          <reporter-output>
            <line>
              <![CDATA[Completed executing following method : CaseOneTest.logStartTimeForEachTest]]>
            </line>
          </reporter-output>
        </test-method> <!-- logStartTimeForEachTest -->
        <test-method status="PASS" signature="signOut()[pri:3, instance:com.automation.CaseOneTest@3f4ddd67]" name="signOut" duration-ms="7767" started-at="2017-06-17T10:59:02Z" finished-at="2017-06-17T10:59:10Z">
          <reporter-output>
            <line>
              <![CDATA[Completed executing following method : CaseOneTest.signOut]]>
            </line>
            <line>
              <![CDATA[ITestResult onTestSuccess==>  Test Name: signOut END TIME: 1497711550]]>
            </line>
            <line>
              <![CDATA[About to begin executing following method : CaseOneTest.logEndTimeForEachTest]]>
            </line>
          </reporter-output>
        </test-method> <!-- signOut -->
        <test-method status="PASS" signature="logEndTimeForEachTest()[pri:0, instance:com.automation.CaseOneTest@3f4ddd67]" name="logEndTimeForEachTest" is-config="true" duration-ms="1" started-at="2017-06-17T10:59:10Z" finished-at="2017-06-17T10:59:10Z">
          <reporter-output>
            <line>
              <![CDATA[Completed executing following method : CaseOneTest.logEndTimeForEachTest]]>
            </line>
          </reporter-output>
        </test-method> <!-- logEndTimeForEachTest -->
        <test-method status="PASS" signature="afterClass()[pri:0, instance:com.automation.CaseOneTest@3f4ddd67]" name="afterClass" is-config="true" duration-ms="10531" started-at="2017-06-17T10:59:10Z" finished-at="2017-06-17T10:59:20Z">
          <reporter-output>
            <line>
              <![CDATA[Completed executing following method : BaseSuite.afterClass]]>
            </line>
          </reporter-output>
        </test-method> <!-- afterClass -->
      </class> <!-- com.automation.CaseOneTest -->
    </test> <!-- SomeTest -->
  </suite> <!-- Regression Suite -->
</testng-results>
